<?xml version="1.0" encoding="UTF-8"?>
<!-- Generated by org.testng.reporters.JUnitXMLReporter -->
<testsuite ignored="4" hostname="LTIN487204" failures="0" tests="3" name="Test" time="180.078" errors="0" timestamp="2024-04-08T12:11:07 IST">
  <testcase classname="testCases.TC_001_BikeDetails" name="clickOnNewBikes" time="40.82"/>
  <testcase classname="testCases.TC_001_BikeDetails" name="clickOnUpcomingBikes" time="40.041"/>
  <testcase classname="testCases.TC_001_BikeDetails" name="selectHondaBikes" time="40.09"/>
  <testcase classname="testBase.BaseClass" name="@BeforeTest setUp" time="0.0">
    <ignored/>
  </testcase> <!-- @BeforeTest setUp -->
  <testcase classname="testBase.BaseClass" name="@AfterTest tearDown" time="0.0">
    <ignored/>
  </testcase> <!-- @AfterTest tearDown -->
  <testcase classname="testBase.BaseClass" name="@BeforeTest setUp" time="0.0">
    <ignored/>
  </testcase> <!-- @BeforeTest setUp -->
  <testcase classname="testBase.BaseClass" name="@AfterTest tearDown" time="0.0">
    <ignored/>
  </testcase> <!-- @AfterTest tearDown -->
</testsuite> <!-- Test -->
