<?xml version="1.0" encoding="UTF-8"?>
<testng-results ignored="0" total="12" passed="12" failed="0" skipped="0">
  <reporter-output>
  </reporter-output>
  <suite started-at="2024-04-07T13:12:11 IST" name="Suite" finished-at="2024-04-07T13:14:21 IST" duration-ms="129721">
    <groups>
    </groups>
    <test started-at="2024-04-07T13:12:11 IST" name="Test" finished-at="2024-04-07T13:14:21 IST" duration-ms="129721">
      <class name="testCases.TC_003_Login">
        <test-method signature="navigateToHomePage()[pri:1, instance:testCases.TC_003_Login@3febb011]" started-at="2024-04-07T13:12:45 IST" name="navigateToHomePage" finished-at="2024-04-07T13:12:53 IST" duration-ms="8695" status="PASS">
          <reporter-output>
          </reporter-output>
        </test-method> <!-- navigateToHomePage -->
        <test-method signature="clickOnLogin()[pri:2, instance:testCases.TC_003_Login@3febb011]" started-at="2024-04-07T13:12:54 IST" name="clickOnLogin" finished-at="2024-04-07T13:12:54 IST" duration-ms="476" status="PASS">
          <reporter-output>
          </reporter-output>
        </test-method> <!-- clickOnLogin -->
        <test-method signature="driverSwitchToGoogle()[pri:3, instance:testCases.TC_003_Login@3febb011]" started-at="2024-04-07T13:12:55 IST" name="driverSwitchToGoogle" finished-at="2024-04-07T13:12:58 IST" depends-on-methods="testCases.TC_003_Login.navigateToHomePage" duration-ms="3346" status="PASS">
          <reporter-output>
          </reporter-output>
        </test-method> <!-- driverSwitchToGoogle -->
        <test-method signature="enteringInvalidEmail()[pri:4, instance:testCases.TC_003_Login@3febb011]" started-at="2024-04-07T13:12:58 IST" name="enteringInvalidEmail" finished-at="2024-04-07T13:13:39 IST" depends-on-methods="testCases.TC_003_Login.driverSwitchToGoogle" duration-ms="41298" status="PASS">
          <reporter-output>
          </reporter-output>
        </test-method> <!-- enteringInvalidEmail -->
        <test-method signature="enteringInvalidEmail()[pri:4, instance:testCases.TC_003_Login@3febb011]" started-at="2024-04-07T13:13:39 IST" name="enteringInvalidEmail" finished-at="2024-04-07T13:14:20 IST" depends-on-methods="testCases.TC_003_Login.driverSwitchToGoogle" duration-ms="40482" status="PASS">
          <reporter-output>
          </reporter-output>
        </test-method> <!-- enteringInvalidEmail -->
      </class> <!-- testCases.TC_003_Login -->
      <class name="testCases.TC_002_CarDetails">
        <test-method signature="moveToUsedCars()[pri:1, instance:testCases.TC_002_CarDetails@74fe5c40]" started-at="2024-04-07T13:12:36 IST" name="moveToUsedCars" finished-at="2024-04-07T13:12:38 IST" duration-ms="2216" status="PASS">
          <reporter-output>
          </reporter-output>
        </test-method> <!-- moveToUsedCars -->
        <test-method signature="selectCity()[pri:2, instance:testCases.TC_002_CarDetails@74fe5c40]" started-at="2024-04-07T13:12:39 IST" name="selectCity" finished-at="2024-04-07T13:12:44 IST" depends-on-methods="testCases.TC_002_CarDetails.moveToUsedCars" duration-ms="5301" status="PASS">
          <reporter-output>
          </reporter-output>
        </test-method> <!-- selectCity -->
        <test-method signature="popularCars()[pri:3, instance:testCases.TC_002_CarDetails@74fe5c40]" started-at="2024-04-07T13:12:44 IST" name="popularCars" finished-at="2024-04-07T13:12:44 IST" depends-on-methods="testCases.TC_002_CarDetails.selectCity" duration-ms="170" status="PASS">
          <reporter-output>
          </reporter-output>
        </test-method> <!-- popularCars -->
      </class> <!-- testCases.TC_002_CarDetails -->
      <class name="testCases.TC_001_BikeDetails">
        <test-method is-config="true" signature="setUp(java.lang.String)[pri:0, instance:testCases.TC_001_BikeDetails@36bc55de]" started-at="2024-04-07T13:12:12 IST" name="setUp" finished-at="2024-04-07T13:12:28 IST" duration-ms="15681" status="PASS">
          <params>
            <param index="0">
              <value>
                <![CDATA[chrome]]>
              </value>
            </param>
          </params>
          <reporter-output>
          </reporter-output>
        </test-method> <!-- setUp -->
        <test-method signature="clickOnNewBikes()[pri:1, instance:testCases.TC_001_BikeDetails@36bc55de]" started-at="2024-04-07T13:12:28 IST" name="clickOnNewBikes" finished-at="2024-04-07T13:12:29 IST" duration-ms="938" status="PASS">
          <reporter-output>
          </reporter-output>
        </test-method> <!-- clickOnNewBikes -->
        <test-method signature="clickOnUpcomingBikes()[pri:2, instance:testCases.TC_001_BikeDetails@36bc55de]" started-at="2024-04-07T13:12:29 IST" name="clickOnUpcomingBikes" finished-at="2024-04-07T13:12:31 IST" duration-ms="1917" status="PASS">
          <reporter-output>
          </reporter-output>
        </test-method> <!-- clickOnUpcomingBikes -->
        <test-method signature="selectHondaBikes()[pri:3, instance:testCases.TC_001_BikeDetails@36bc55de]" started-at="2024-04-07T13:12:31 IST" name="selectHondaBikes" finished-at="2024-04-07T13:12:33 IST" duration-ms="1870" status="PASS">
          <reporter-output>
          </reporter-output>
        </test-method> <!-- selectHondaBikes -->
        <test-method signature="hondaUpcomingBikes()[pri:4, instance:testCases.TC_001_BikeDetails@36bc55de]" started-at="2024-04-07T13:12:34 IST" name="hondaUpcomingBikes" finished-at="2024-04-07T13:12:36 IST" depends-on-methods="testCases.TC_001_BikeDetails.selectHondaBikes" duration-ms="2322" status="PASS">
          <reporter-output>
          </reporter-output>
        </test-method> <!-- hondaUpcomingBikes -->
        <test-method is-config="true" signature="tearDown()[pri:0, instance:testCases.TC_001_BikeDetails@36bc55de]" started-at="2024-04-07T13:14:20 IST" name="tearDown" finished-at="2024-04-07T13:14:21 IST" duration-ms="1136" status="PASS">
          <reporter-output>
          </reporter-output>
        </test-method> <!-- tearDown -->
      </class> <!-- testCases.TC_001_BikeDetails -->
    </test> <!-- Test -->
  </suite> <!-- Suite -->
</testng-results>
